<?xml version="1.0" encoding="UTF-8"?>
<!-- Generated by org.testng.reporters.JUnitReportReporter -->
<testsuite hostname="DESKTOP-7M6L4A9" failures="0" tests="1" name="test.SwagLabLoginTest" time="5.318" errors="0" timestamp="2022-10-28T23:35:38 IST" skipped="0">
  <testcase classname="test.SwagLabLoginTest" name="LoginwithCredentials" time="5.318"/>
  <system-out/>
</testsuite> <!-- test.SwagLabLoginTest -->
